<?xml version="1.0" encoding="UTF-8"?>
<!-- Generated by org.testng.reporters.JUnitReportReporter -->
<testsuite skipped="0" hostname="DESKTOP-GMP1VPB" name="com.clearcode.testsuite.TestSuite1" tests="4" failures="0" timestamp="2020-06-18T15:04:12 IST" time="39.148" errors="0">
  <testcase name="createStudent" time="4.438" classname="com.clearcode.testsuite.TestSuite1"/>
  <testcase name="createStudent" time="11.157" classname="com.clearcode.testsuite.TestSuite1"/>
  <testcase name="createStudent" time="12.677" classname="com.clearcode.testsuite.TestSuite1"/>
  <testcase name="createStudent" time="10.876" classname="com.clearcode.testsuite.TestSuite1"/>
</testsuite> <!-- com.clearcode.testsuite.TestSuite1 -->
