<?xml version="1.0" encoding="UTF-8"?>
<!-- Generated by org.testng.reporters.JUnitReportReporter -->
<testsuite skipped="0" hostname="DESKTOP-GMP1VPB" name="com.clearcode.testsuite.orderProduct" tests="4" failures="0" timestamp="2020-06-21T21:44:33 IST" time="71.923" errors="0">
  <testcase name="returnProduct" time="17.627" classname="com.clearcode.testsuite.orderProduct"/>
  <testcase name="returnProduct" time="18.803" classname="com.clearcode.testsuite.orderProduct"/>
  <testcase name="returnProduct" time="17.692" classname="com.clearcode.testsuite.orderProduct"/>
  <testcase name="returnProduct" time="17.801" classname="com.clearcode.testsuite.orderProduct"/>
</testsuite> <!-- com.clearcode.testsuite.orderProduct -->
